{"D:\\svelte\\cameoparison-starter-complete\\src\\App.svelte": {"path":"D:\\svelte\\cameoparison-starter-complete\\src\\App.svelte","statementMap":{"0":{"start":{"line":2,"column":17},"end":{"line":2,"column":null}},"1":{"start":{"line":3,"column":15},"end":{"line":3,"column":null}},"2":{"start":{"line":4,"column":12},"end":{"line":4,"column":null}},"3":{"start":{"line":5,"column":16},"end":{"line":5,"column":null}},"4":{"start":{"line":6,"column":20},"end":{"line":6,"column":null}},"5":{"start":{"line":58,"column":22},"end":{"line":58,"column":null}},"6":{"start":{"line":57,"column":6},"end":{"line":57,"column":null}},"7":{"start":{"line":57,"column":25},"end":{"line":57,"column":null}},"8":{"start":{"line":59,"column":11},"end":{"line":59,"column":null}},"9":{"start":{"line":59,"column":30},"end":{"line":59,"column":null}},"10":{"start":{"line":56,"column":24},"end":{"line":56,"column":null}},"11":{"start":{"line":10,"column":13},"end":{"line":10,"column":22}},"12":{"start":{"line":14,"column":24},"end":{"line":14,"column":49}},"13":{"start":{"line":16,"column":2},"end":{"line":16,"column":null}},"14":{"start":{"line":17,"column":2},"end":{"line":17,"column":null}},"15":{"start":{"line":21,"column":11},"end":{"line":21,"column":null}},"16":{"start":{"line":22,"column":12},"end":{"line":22,"column":null}},"17":{"start":{"line":24,"column":14},"end":{"line":24,"column":null}},"18":{"start":{"line":27,"column":3},"end":{"line":27,"column":null}},"19":{"start":{"line":30,"column":14},"end":{"line":30,"column":null}},"20":{"start":{"line":33,"column":4},"end":{"line":33,"column":null}},"21":{"start":{"line":35,"column":5},"end":{"line":35,"column":null}},"22":{"start":{"line":41,"column":3},"end":{"line":42,"column":null}},"23":{"start":{"line":47,"column":2},"end":{"line":47,"column":null}},"24":{"start":{"line":49,"column":2},"end":{"line":49,"column":null}},"25":{"start":{"line":50,"column":2},"end":{"line":50,"column":null}},"26":{"start":{"line":52,"column":12},"end":{"line":52,"column":16}},"27":{"start":{"line":60,"column":38},"end":{"line":60,"column":null}}},"fnMap":{"0":{"name":"(anonymous_32)","decl":{"start":{"line":60,"column":38},"end":{"line":60,"column":43}},"loc":{"start":{"line":60,"column":38},"end":{"line":60,"column":null}}}},"branchMap":{"0":{"loc":{"start":{"line":57,"column":6},"end":{"line":57,"column":null}},"type":"if","locations":[{"start":{"line":57,"column":6},"end":{"line":57,"column":null}},{"start":{"line":57,"column":6},"end":{"line":57,"column":null}}]},"1":{"loc":{"start":{"line":59,"column":11},"end":{"line":59,"column":null}},"type":"if","locations":[{"start":{"line":59,"column":11},"end":{"line":59,"column":null}},{"start":{"line":59,"column":11},"end":{"line":59,"column":null}}]}},"s":{"0":1,"1":1,"2":1,"3":1,"4":1,"5":1,"6":1,"7":1,"8":0,"9":0,"10":1,"11":1,"12":0,"13":0,"14":0,"15":1,"16":0,"17":0,"18":0,"19":0,"20":0,"21":0,"22":0,"23":1,"24":1,"25":1,"26":1,"27":1},"f":{"0":0},"b":{"0":[1,0],"1":[0,0]}}
,"D:\\svelte\\cameoparison-starter-complete\\src\\select.js": {"path":"D:\\svelte\\cameoparison-starter-complete\\src\\select.js","statementMap":{"0":{"start":{"line":3,"column":24},"end":{"line":3,"column":26}},"1":{"start":{"line":8,"column":1},"end":{"line":8,"column":26}},"2":{"start":{"line":8,"column":19},"end":{"line":8,"column":26}},"3":{"start":{"line":11,"column":1},"end":{"line":11,"column":40}},"4":{"start":{"line":12,"column":1},"end":{"line":12,"column":13}},"5":{"start":{"line":16,"column":18},"end":{"line":18,"column":3}},"6":{"start":{"line":17,"column":2},"end":{"line":17,"column":41}},"7":{"start":{"line":20,"column":14},"end":{"line":20,"column":23}},"8":{"start":{"line":21,"column":19},"end":{"line":21,"column":21}},"9":{"start":{"line":23,"column":9},"end":{"line":23,"column":24}},"10":{"start":{"line":24,"column":1},"end":{"line":53,"column":2}},"11":{"start":{"line":25,"column":12},"end":{"line":25,"column":25}},"12":{"start":{"line":26,"column":13},"end":{"line":26,"column":44}},"13":{"start":{"line":27,"column":12},"end":{"line":27,"column":24}},"14":{"start":{"line":30,"column":2},"end":{"line":30,"column":23}},"15":{"start":{"line":35,"column":18},"end":{"line":35,"column":55}},"16":{"start":{"line":35,"column":41},"end":{"line":35,"column":54}},"17":{"start":{"line":36,"column":2},"end":{"line":44,"column":3}},"18":{"start":{"line":37,"column":14},"end":{"line":37,"column":34}},"19":{"start":{"line":38,"column":3},"end":{"line":38,"column":22}},"20":{"start":{"line":43,"column":3},"end":{"line":43,"column":29}},"21":{"start":{"line":46,"column":2},"end":{"line":46,"column":27}},"22":{"start":{"line":48,"column":2},"end":{"line":48,"column":17}},"23":{"start":{"line":49,"column":2},"end":{"line":49,"column":17}},"24":{"start":{"line":52,"column":2},"end":{"line":52,"column":40}},"25":{"start":{"line":55,"column":1},"end":{"line":55,"column":18}}},"fnMap":{"0":{"name":"remove","decl":{"start":{"line":5,"column":9},"end":{"line":5,"column":15}},"loc":{"start":{"line":5,"column":30},"end":{"line":13,"column":1}},"line":5},"1":{"name":"select","decl":{"start":{"line":15,"column":16},"end":{"line":15,"column":22}},"loc":{"start":{"line":15,"column":49},"end":{"line":56,"column":1}},"line":15},"2":{"name":"(anonymous_2)","decl":{"start":{"line":16,"column":32},"end":{"line":16,"column":33}},"loc":{"start":{"line":16,"column":37},"end":{"line":18,"column":2}},"line":16},"3":{"name":"(anonymous_3)","decl":{"start":{"line":35,"column":35},"end":{"line":35,"column":36}},"loc":{"start":{"line":35,"column":41},"end":{"line":35,"column":54}},"line":35}},"branchMap":{"0":{"loc":{"start":{"line":8,"column":1},"end":{"line":8,"column":26}},"type":"if","locations":[{"start":{"line":8,"column":1},"end":{"line":8,"column":26}},{"start":{"line":8,"column":1},"end":{"line":8,"column":26}}],"line":8},"1":{"loc":{"start":{"line":36,"column":2},"end":{"line":44,"column":3}},"type":"if","locations":[{"start":{"line":36,"column":2},"end":{"line":44,"column":3}},{"start":{"line":36,"column":2},"end":{"line":44,"column":3}}],"line":36},"2":{"loc":{"start":{"line":36,"column":6},"end":{"line":36,"column":52}},"type":"binary-expr","locations":[{"start":{"line":36,"column":7},"end":{"line":36,"column":25}},{"start":{"line":36,"column":31},"end":{"line":36,"column":51}}],"line":36}},"s":{"0":1,"1":0,"2":0,"3":0,"4":0,"5":0,"6":0,"7":0,"8":0,"9":0,"10":0,"11":0,"12":0,"13":0,"14":0,"15":0,"16":0,"17":0,"18":0,"19":0,"20":0,"21":0,"22":0,"23":0,"24":0,"25":0},"f":{"0":0,"1":0,"2":0,"3":0},"b":{"0":[0,0],"1":[0,0],"2":[0,0]},"_coverageSchema":"1a1c01bbd47fc00a2c39e90264f33305004495a9","hash":"804802ec01b443086d3b6fe24bbf26dd466f89e5"}
,"D:\\svelte\\cameoparison-starter-complete\\src\\utils.js": {"path":"D:\\svelte\\cameoparison-starter-complete\\src\\utils.js","statementMap":{"0":{"start":{"line":2,"column":15},"end":{"line":2,"column":55}},"1":{"start":{"line":3,"column":1},"end":{"line":3,"column":21}},"2":{"start":{"line":7,"column":1},"end":{"line":9,"column":4}},"3":{"start":{"line":8,"column":2},"end":{"line":8,"column":25}},"4":{"start":{"line":13,"column":1},"end":{"line":18,"column":4}},"5":{"start":{"line":14,"column":14},"end":{"line":14,"column":25}},"6":{"start":{"line":15,"column":2},"end":{"line":15,"column":30}},"7":{"start":{"line":15,"column":21},"end":{"line":15,"column":29}},"8":{"start":{"line":16,"column":2},"end":{"line":16,"column":23}},"9":{"start":{"line":17,"column":2},"end":{"line":17,"column":16}}},"fnMap":{"0":{"name":"pick_random","decl":{"start":{"line":1,"column":16},"end":{"line":1,"column":27}},"loc":{"start":{"line":1,"column":35},"end":{"line":4,"column":1}},"line":1},"1":{"name":"sleep","decl":{"start":{"line":6,"column":16},"end":{"line":6,"column":21}},"loc":{"start":{"line":6,"column":26},"end":{"line":10,"column":1}},"line":6},"2":{"name":"(anonymous_2)","decl":{"start":{"line":7,"column":20},"end":{"line":7,"column":21}},"loc":{"start":{"line":7,"column":30},"end":{"line":9,"column":2}},"line":7},"3":{"name":"load_image","decl":{"start":{"line":12,"column":16},"end":{"line":12,"column":26}},"loc":{"start":{"line":12,"column":32},"end":{"line":19,"column":1}},"line":12},"4":{"name":"(anonymous_4)","decl":{"start":{"line":13,"column":20},"end":{"line":13,"column":21}},"loc":{"start":{"line":13,"column":40},"end":{"line":18,"column":2}},"line":13},"5":{"name":"(anonymous_5)","decl":{"start":{"line":15,"column":15},"end":{"line":15,"column":16}},"loc":{"start":{"line":15,"column":21},"end":{"line":15,"column":29}},"line":15}},"branchMap":{},"s":{"0":0,"1":0,"2":0,"3":0,"4":2,"5":2,"6":2,"7":0,"8":2,"9":2},"f":{"0":0,"1":0,"2":0,"3":2,"4":2,"5":0},"b":{},"_coverageSchema":"1a1c01bbd47fc00a2c39e90264f33305004495a9","hash":"ff2691759ac665fcc6f8007d3e1266ab96b6e324"}
,"D:\\svelte\\cameoparison-starter-complete\\src\\components\\Card.svelte": {"path":"D:\\svelte\\cameoparison-starter-complete\\src\\components\\Card.svelte","statementMap":{"0":{"start":{"line":2,"column":31},"end":{"line":2,"column":null}},"1":{"start":{"line":3,"column":15},"end":{"line":3,"column":null}},"2":{"start":{"line":4,"column":20},"end":{"line":4,"column":null}},"3":{"start":{"line":27,"column":58},"end":{"line":27,"column":null}},"4":{"start":{"line":26,"column":35},"end":{"line":26,"column":null}},"5":{"start":{"line":27,"column":69},"end":{"line":27,"column":null}},"6":{"start":{"line":27,"column":21},"end":{"line":27,"column":58}},"7":{"start":{"line":20,"column":63},"end":{"line":20,"column":null}},"8":{"start":{"line":22,"column":20},"end":{"line":22,"column":null}},"9":{"start":{"line":25,"column":7},"end":{"line":25,"column":null}},"10":{"start":{"line":20,"column":51},"end":{"line":20,"column":63}},"11":{"start":{"line":16,"column":32},"end":{"line":16,"column":null}},"12":{"start":{"line":20,"column":73},"end":{"line":20,"column":null}},"13":{"start":{"line":22,"column":30},"end":{"line":22,"column":null}},"14":{"start":{"line":6,"column":17},"end":{"line":6,"column":null}},"15":{"start":{"line":7,"column":21},"end":{"line":7,"column":null}},"16":{"start":{"line":8,"column":18},"end":{"line":8,"column":null}},"17":{"start":{"line":10,"column":18},"end":{"line":10,"column":null}},"18":{"start":{"line":17,"column":18},"end":{"line":17,"column":null}}},"fnMap":{"0":{"name":"(anonymous_17)","decl":{"start":{"line":17,"column":18},"end":{"line":17,"column":26}},"loc":{"start":{"line":17,"column":18},"end":{"line":17,"column":null}}}},"branchMap":{"0":{"loc":{"start":{"line":27,"column":58},"end":{"line":27,"column":null}},"type":"if","locations":[{"start":{"line":27,"column":58},"end":{"line":27,"column":null}},{"start":{"line":27,"column":58},"end":{"line":27,"column":null}}]},"1":{"loc":{"start":{"line":27,"column":58},"end":{"line":27,"column":63}},"type":"binary-expr","locations":[{"start":{"line":27,"column":58},"end":{"line":27,"column":63}},{"start":{"line":27,"column":58},"end":{"line":27,"column":null}}]},"2":{"loc":{"start":{"line":25,"column":7},"end":{"line":25,"column":null}},"type":"binary-expr","locations":[{"start":{"line":25,"column":7},"end":{"line":25,"column":null}},{"start":{"line":25,"column":16},"end":{"line":25,"column":null}}]},"3":{"loc":{"start":{"line":20,"column":63},"end":{"line":20,"column":null}},"type":"if","locations":[{"start":{"line":20,"column":63},"end":{"line":20,"column":null}},{"start":{"line":20,"column":63},"end":{"line":20,"column":null}}]},"4":{"loc":{"start":{"line":20,"column":63},"end":{"line":20,"column":68}},"type":"binary-expr","locations":[{"start":{"line":20,"column":63},"end":{"line":20,"column":68}},{"start":{"line":20,"column":63},"end":{"line":20,"column":null}}]},"5":{"loc":{"start":{"line":20,"column":51},"end":{"line":20,"column":56}},"type":"binary-expr","locations":[{"start":{"line":20,"column":51},"end":{"line":20,"column":56}},{"start":{"line":20,"column":51},"end":{"line":20,"column":63}}]},"6":{"loc":{"start":{"line":22,"column":20},"end":{"line":22,"column":null}},"type":"if","locations":[{"start":{"line":22,"column":20},"end":{"line":22,"column":null}},{"start":{"line":22,"column":20},"end":{"line":22,"column":null}}]},"7":{"loc":{"start":{"line":22,"column":20},"end":{"line":22,"column":25}},"type":"binary-expr","locations":[{"start":{"line":22,"column":20},"end":{"line":22,"column":25}},{"start":{"line":22,"column":20},"end":{"line":22,"column":null}}]}},"s":{"0":1,"1":1,"2":1,"3":0,"4":0,"5":0,"6":0,"7":0,"8":0,"9":0,"10":0,"11":0,"12":0,"13":0,"14":0,"15":0,"16":0,"17":0,"18":0},"f":{"0":0},"b":{"0":[0,0],"1":[0,0],"2":[0,0],"3":[0,0],"4":[0,0],"5":[0,0],"6":[0,0],"7":[0,0]}}
,"D:\\svelte\\cameoparison-starter-complete\\src\\screens\\Game.svelte": {"path":"D:\\svelte\\cameoparison-starter-complete\\src\\screens\\Game.svelte","statementMap":{"0":{"start":{"line":2,"column":31},"end":{"line":2,"column":null}},"1":{"start":{"line":3,"column":31},"end":{"line":3,"column":null}},"2":{"start":{"line":5,"column":12},"end":{"line":5,"column":null}},"3":{"start":{"line":6,"column":40},"end":{"line":6,"column":null}},"4":{"start":{"line":79,"column":10},"end":{"line":79,"column":null}},"5":{"start":{"line":74,"column":20},"end":{"line":74,"column":null}},"6":{"start":{"line":75,"column":7},"end":{"line":75,"column":null}},"7":{"start":{"line":74,"column":12},"end":{"line":74,"column":20}},"8":{"start":{"line":74,"column":34},"end":{"line":74,"column":null}},"9":{"start":{"line":75,"column":42},"end":{"line":75,"column":null}},"10":{"start":{"line":89,"column":13},"end":{"line":89,"column":null}},"11":{"start":{"line":91,"column":19},"end":{"line":91,"column":null}},"12":{"start":{"line":92,"column":14},"end":{"line":92,"column":null}},"13":{"start":{"line":104,"column":13},"end":{"line":104,"column":null}},"14":{"start":{"line":106,"column":19},"end":{"line":106,"column":null}},"15":{"start":{"line":107,"column":14},"end":{"line":107,"column":null}},"16":{"start":{"line":82,"column":13},"end":{"line":82,"column":null}},"17":{"start":{"line":83,"column":14},"end":{"line":83,"column":null}},"18":{"start":{"line":122,"column":8},"end":{"line":122,"column":null}},"19":{"start":{"line":123,"column":15},"end":{"line":123,"column":null}},"20":{"start":{"line":123,"column":26},"end":{"line":123,"column":null}},"21":{"start":{"line":119,"column":11},"end":{"line":119,"column":null}},"22":{"start":{"line":120,"column":13},"end":{"line":120,"column":null}},"23":{"start":{"line":133,"column":11},"end":{"line":133,"column":null}},"24":{"start":{"line":134,"column":18},"end":{"line":134,"column":null}},"25":{"start":{"line":134,"column":24},"end":{"line":134,"column":null}},"26":{"start":{"line":132,"column":18},"end":{"line":132,"column":null}},"27":{"start":{"line":130,"column":8},"end":{"line":130,"column":null}},"28":{"start":{"line":72,"column":6},"end":{"line":72,"column":null}},"29":{"start":{"line":72,"column":10},"end":{"line":72,"column":null}},"30":{"start":{"line":78,"column":11},"end":{"line":78,"column":null}},"31":{"start":{"line":78,"column":16},"end":{"line":78,"column":null}},"32":{"start":{"line":117,"column":5},"end":{"line":117,"column":null}},"33":{"start":{"line":128,"column":8},"end":{"line":128,"column":null}},"34":{"start":{"line":128,"column":3},"end":{"line":128,"column":7}},"35":{"start":{"line":127,"column":59},"end":{"line":127,"column":null}},"36":{"start":{"line":128,"column":3},"end":{"line":128,"column":8}},"37":{"start":{"line":8,"column":21},"end":{"line":8,"column":null}},"38":{"start":{"line":10,"column":18},"end":{"line":10,"column":null}},"39":{"start":{"line":12,"column":25},"end":{"line":14,"column":null}},"40":{"start":{"line":18,"column":11},"end":{"line":18,"column":null}},"41":{"start":{"line":19,"column":15},"end":{"line":19,"column":null}},"42":{"start":{"line":20,"column":8},"end":{"line":20,"column":null}},"43":{"start":{"line":21,"column":9},"end":{"line":21,"column":null}},"44":{"start":{"line":24,"column":18},"end":{"line":26,"column":null}},"45":{"start":{"line":24,"column":41},"end":{"line":26,"column":null}},"46":{"start":{"line":29,"column":17},"end":{"line":29,"column":null}},"47":{"start":{"line":34,"column":12},"end":{"line":34,"column":17}},"48":{"start":{"line":35,"column":13},"end":{"line":35,"column":17}},"49":{"start":{"line":38,"column":6},"end":{"line":38,"column":null}},"50":{"start":{"line":38,"column":14},"end":{"line":38,"column":null}},"51":{"start":{"line":39,"column":6},"end":{"line":39,"column":null}},"52":{"start":{"line":39,"column":14},"end":{"line":39,"column":null}},"53":{"start":{"line":40,"column":6},"end":{"line":40,"column":null}},"54":{"start":{"line":40,"column":14},"end":{"line":40,"column":null}},"55":{"start":{"line":41,"column":6},"end":{"line":41,"column":null}},"56":{"start":{"line":41,"column":11},"end":{"line":41,"column":null}},"57":{"start":{"line":42,"column":9},"end":{"line":42,"column":null}},"58":{"start":{"line":46,"column":2},"end":{"line":48,"column":null}},"59":{"start":{"line":50,"column":8},"end":{"line":50,"column":null}},"60":{"start":{"line":52,"column":2},"end":{"line":52,"column":null}},"61":{"start":{"line":53,"column":2},"end":{"line":53,"column":null}},"62":{"start":{"line":55,"column":8},"end":{"line":55,"column":null}},"63":{"start":{"line":58,"column":3},"end":{"line":58,"column":null}},"64":{"start":{"line":60,"column":3},"end":{"line":60,"column":null}},"65":{"start":{"line":64,"column":9},"end":{"line":64,"column":10}},"66":{"start":{"line":76,"column":27},"end":{"line":76,"column":null}},"67":{"start":{"line":90,"column":23},"end":{"line":90,"column":null}},"68":{"start":{"line":97,"column":42},"end":{"line":97,"column":null}},"69":{"start":{"line":105,"column":23},"end":{"line":105,"column":null}},"70":{"start":{"line":84,"column":25},"end":{"line":84,"column":null}},"71":{"start":{"line":85,"column":23},"end":{"line":85,"column":null}},"72":{"start":{"line":31,"column":1},"end":{"line":31,"column":null}},"73":{"start":{"line":31,"column":2},"end":{"line":31,"column":null}},"74":{"start":{"line":31,"column":32},"end":{"line":31,"column":45}}},"fnMap":{"0":{"name":"(anonymous_68)","decl":{"start":{"line":24,"column":32},"end":{"line":24,"column":37}},"loc":{"start":{"line":24,"column":41},"end":{"line":26,"column":null}}},"1":{"name":"(anonymous_72)","decl":{"start":{"line":76,"column":27},"end":{"line":76,"column":35}},"loc":{"start":{"line":76,"column":27},"end":{"line":76,"column":null}}},"2":{"name":"(anonymous_73)","decl":{"start":{"line":90,"column":23},"end":{"line":90,"column":29}},"loc":{"start":{"line":90,"column":23},"end":{"line":90,"column":null}}},"3":{"name":"(anonymous_74)","decl":{"start":{"line":97,"column":42},"end":{"line":97,"column":48}},"loc":{"start":{"line":97,"column":42},"end":{"line":97,"column":null}}},"4":{"name":"(anonymous_75)","decl":{"start":{"line":105,"column":23},"end":{"line":105,"column":29}},"loc":{"start":{"line":105,"column":23},"end":{"line":105,"column":null}}},"5":{"name":"(anonymous_76)","decl":{"start":{"line":84,"column":25},"end":{"line":84,"column":30}},"loc":{"start":{"line":84,"column":25},"end":{"line":84,"column":null}}},"6":{"name":"(anonymous_77)","decl":{"start":{"line":85,"column":23},"end":{"line":85,"column":28}},"loc":{"start":{"line":85,"column":23},"end":{"line":85,"column":null}}},"7":{"name":"(anonymous_82)","decl":{"start":{"line":31,"column":27},"end":{"line":31,"column":28}},"loc":{"start":{"line":31,"column":32},"end":{"line":31,"column":45}}}},"branchMap":{"0":{"loc":{"start":{"line":79,"column":10},"end":{"line":79,"column":18}},"type":"binary-expr","locations":[{"start":{"line":79,"column":10},"end":{"line":79,"column":18}},{"start":{"line":79,"column":10},"end":{"line":79,"column":null}},{"start":{"line":79,"column":20},"end":{"line":79,"column":null}}]},"1":{"loc":{"start":{"line":74,"column":12},"end":{"line":74,"column":20}},"type":"if","locations":[{"start":{"line":74,"column":12},"end":{"line":74,"column":20}},{"start":{"line":74,"column":12},"end":{"line":74,"column":20}}]},"2":{"loc":{"start":{"line":74,"column":20},"end":{"line":74,"column":null}},"type":"if","locations":[{"start":{"line":74,"column":20},"end":{"line":74,"column":null}},{"start":{"line":74,"column":20},"end":{"line":74,"column":null}}]},"3":{"loc":{"start":{"line":74,"column":20},"end":{"line":74,"column":27}},"type":"binary-expr","locations":[{"start":{"line":74,"column":20},"end":{"line":74,"column":27}},{"start":{"line":74,"column":20},"end":{"line":74,"column":null}}]},"4":{"loc":{"start":{"line":75,"column":7},"end":{"line":75,"column":null}},"type":"if","locations":[{"start":{"line":75,"column":7},"end":{"line":75,"column":null}},{"start":{"line":75,"column":7},"end":{"line":75,"column":null}}]},"5":{"loc":{"start":{"line":75,"column":7},"end":{"line":75,"column":19}},"type":"binary-expr","locations":[{"start":{"line":75,"column":7},"end":{"line":75,"column":19}},{"start":{"line":75,"column":7},"end":{"line":75,"column":null}}]},"6":{"loc":{"start":{"line":89,"column":13},"end":{"line":89,"column":null}},"type":"if","locations":[{"start":{"line":89,"column":13},"end":{"line":89,"column":null}},{"start":{"line":89,"column":13},"end":{"line":89,"column":null}}]},"7":{"loc":{"start":{"line":91,"column":19},"end":{"line":91,"column":null}},"type":"if","locations":[{"start":{"line":91,"column":19},"end":{"line":91,"column":null}},{"start":{"line":91,"column":19},"end":{"line":91,"column":null}}]},"8":{"loc":{"start":{"line":92,"column":14},"end":{"line":92,"column":null}},"type":"if","locations":[{"start":{"line":92,"column":14},"end":{"line":92,"column":null}},{"start":{"line":92,"column":14},"end":{"line":92,"column":null}}]},"9":{"loc":{"start":{"line":104,"column":13},"end":{"line":104,"column":null}},"type":"if","locations":[{"start":{"line":104,"column":13},"end":{"line":104,"column":null}},{"start":{"line":104,"column":13},"end":{"line":104,"column":null}}]},"10":{"loc":{"start":{"line":106,"column":19},"end":{"line":106,"column":null}},"type":"if","locations":[{"start":{"line":106,"column":19},"end":{"line":106,"column":null}},{"start":{"line":106,"column":19},"end":{"line":106,"column":null}}]},"11":{"loc":{"start":{"line":107,"column":14},"end":{"line":107,"column":null}},"type":"if","locations":[{"start":{"line":107,"column":14},"end":{"line":107,"column":null}},{"start":{"line":107,"column":14},"end":{"line":107,"column":null}}]},"12":{"loc":{"start":{"line":82,"column":13},"end":{"line":82,"column":null}},"type":"if","locations":[{"start":{"line":82,"column":13},"end":{"line":82,"column":null}},{"start":{"line":82,"column":13},"end":{"line":82,"column":null}}]},"13":{"loc":{"start":{"line":123,"column":15},"end":{"line":123,"column":null}},"type":"if","locations":[{"start":{"line":123,"column":15},"end":{"line":123,"column":null}},{"start":{"line":123,"column":15},"end":{"line":123,"column":null}}]},"14":{"loc":{"start":{"line":122,"column":8},"end":{"line":122,"column":19}},"type":"binary-expr","locations":[{"start":{"line":122,"column":8},"end":{"line":122,"column":19}},{"start":{"line":122,"column":8},"end":{"line":122,"column":19}},{"start":{"line":122,"column":8},"end":{"line":122,"column":null}}]},"15":{"loc":{"start":{"line":123,"column":15},"end":{"line":123,"column":26}},"type":"binary-expr","locations":[{"start":{"line":123,"column":15},"end":{"line":123,"column":26}},{"start":{"line":123,"column":15},"end":{"line":123,"column":26}},{"start":{"line":123,"column":15},"end":{"line":123,"column":null}}]},"16":{"loc":{"start":{"line":119,"column":11},"end":{"line":119,"column":null}},"type":"if","locations":[{"start":{"line":119,"column":11},"end":{"line":119,"column":null}},{"start":{"line":119,"column":11},"end":{"line":119,"column":null}}]},"17":{"loc":{"start":{"line":134,"column":18},"end":{"line":134,"column":null}},"type":"if","locations":[{"start":{"line":134,"column":18},"end":{"line":134,"column":null}},{"start":{"line":134,"column":18},"end":{"line":134,"column":null}}]},"18":{"loc":{"start":{"line":133,"column":11},"end":{"line":133,"column":17}},"type":"binary-expr","locations":[{"start":{"line":133,"column":11},"end":{"line":133,"column":17}},{"start":{"line":133,"column":11},"end":{"line":133,"column":null}}]},"19":{"loc":{"start":{"line":134,"column":18},"end":{"line":134,"column":24}},"type":"binary-expr","locations":[{"start":{"line":134,"column":18},"end":{"line":134,"column":24}},{"start":{"line":134,"column":18},"end":{"line":134,"column":null}}]},"20":{"loc":{"start":{"line":130,"column":8},"end":{"line":130,"column":null}},"type":"binary-expr","locations":[{"start":{"line":130,"column":8},"end":{"line":130,"column":null}},{"start":{"line":130,"column":14},"end":{"line":130,"column":null}}]},"21":{"loc":{"start":{"line":72,"column":6},"end":{"line":72,"column":null}},"type":"if","locations":[{"start":{"line":72,"column":6},"end":{"line":72,"column":null}},{"start":{"line":72,"column":6},"end":{"line":72,"column":null}}]},"22":{"loc":{"start":{"line":78,"column":11},"end":{"line":78,"column":null}},"type":"if","locations":[{"start":{"line":78,"column":11},"end":{"line":78,"column":null}},{"start":{"line":78,"column":11},"end":{"line":78,"column":null}}]},"23":{"loc":{"start":{"line":117,"column":5},"end":{"line":117,"column":null}},"type":"binary-expr","locations":[{"start":{"line":117,"column":5},"end":{"line":117,"column":null}},{"start":{"line":117,"column":16},"end":{"line":117,"column":null}}]},"24":{"loc":{"start":{"line":38,"column":6},"end":{"line":38,"column":null}},"type":"if","locations":[{"start":{"line":38,"column":6},"end":{"line":38,"column":null}},{"start":{"line":38,"column":6},"end":{"line":38,"column":null}}]},"25":{"loc":{"start":{"line":39,"column":6},"end":{"line":39,"column":null}},"type":"if","locations":[{"start":{"line":39,"column":6},"end":{"line":39,"column":null}},{"start":{"line":39,"column":6},"end":{"line":39,"column":null}}]},"26":{"loc":{"start":{"line":40,"column":6},"end":{"line":40,"column":null}},"type":"if","locations":[{"start":{"line":40,"column":6},"end":{"line":40,"column":null}},{"start":{"line":40,"column":6},"end":{"line":40,"column":null}}]},"27":{"loc":{"start":{"line":41,"column":6},"end":{"line":41,"column":null}},"type":"if","locations":[{"start":{"line":41,"column":6},"end":{"line":41,"column":null}},{"start":{"line":41,"column":6},"end":{"line":41,"column":null}}]},"28":{"loc":{"start":{"line":47,"column":5},"end":{"line":47,"column":12}},"type":"cond-expr","locations":[{"start":{"line":47,"column":5},"end":{"line":47,"column":12}},{"start":{"line":48,"column":5},"end":{"line":48,"column":12}}]}},"s":{"0":1,"1":1,"2":1,"3":1,"4":0,"5":0,"6":0,"7":0,"8":0,"9":0,"10":0,"11":0,"12":0,"13":0,"14":0,"15":0,"16":0,"17":0,"18":0,"19":0,"20":0,"21":0,"22":0,"23":0,"24":0,"25":0,"26":0,"27":0,"28":0,"29":0,"30":0,"31":0,"32":0,"33":0,"34":0,"35":0,"36":0,"37":0,"38":0,"39":0,"40":0,"41":0,"42":0,"43":0,"44":0,"45":0,"46":0,"47":0,"48":0,"49":0,"50":0,"51":0,"52":0,"53":0,"54":0,"55":0,"56":0,"57":0,"58":0,"59":0,"60":0,"61":0,"62":0,"63":0,"64":0,"65":0,"66":0,"67":0,"68":0,"69":0,"70":0,"71":0,"72":0,"73":0,"74":0},"f":{"0":0,"1":0,"2":0,"3":0,"4":0,"5":0,"6":0,"7":0},"b":{"0":[0,0,0],"1":[0,0],"2":[0,0],"3":[0,0],"4":[0,0],"5":[0,0],"6":[0,0],"7":[0,0],"8":[0,0],"9":[0,0],"10":[0,0],"11":[0,0],"12":[0,0],"13":[0,0],"14":[0,0,0],"15":[0,0,0],"16":[0,0],"17":[0,0],"18":[0,0],"19":[0,0],"20":[0,0],"21":[0,0],"22":[0,0],"23":[0,0],"24":[0,0],"25":[0,0],"26":[0,0],"27":[0,0],"28":[0,0]}}
,"D:\\svelte\\cameoparison-starter-complete\\src\\screens\\Welcome.svelte": {"path":"D:\\svelte\\cameoparison-starter-complete\\src\\screens\\Welcome.svelte","statementMap":{"0":{"start":{"line":2,"column":31},"end":{"line":2,"column":null}},"1":{"start":{"line":40,"column":65},"end":{"line":40,"column":null}},"2":{"start":{"line":40,"column":20},"end":{"line":40,"column":46}},"3":{"start":{"line":39,"column":8},"end":{"line":39,"column":null}},"4":{"start":{"line":39,"column":3},"end":{"line":39,"column":7}},"5":{"start":{"line":39,"column":3},"end":{"line":39,"column":8}},"6":{"start":{"line":4,"column":18},"end":{"line":4,"column":null}},"7":{"start":{"line":6,"column":16},"end":{"line":6,"column":21}},"8":{"start":{"line":9,"column":2},"end":{"line":9,"column":null}},"9":{"start":{"line":10,"column":2},"end":{"line":10,"column":null}},"10":{"start":{"line":40,"column":46},"end":{"line":40,"column":65}}},"fnMap":{"0":{"name":"(anonymous_17)","decl":{"start":{"line":40,"column":46},"end":{"line":40,"column":52}},"loc":{"start":{"line":40,"column":46},"end":{"line":40,"column":65}}}},"branchMap":{},"s":{"0":1,"1":7,"2":7,"3":1,"4":1,"5":0,"6":1,"7":1,"8":0,"9":0,"10":1},"f":{"0":0},"b":{}}
}
