TN:
SF:src\App.svelte
FN:60,(anonymous_32)
FNF:1
FNH:0
FNDA:0,(anonymous_32)
DA:2,1
DA:3,1
DA:4,1
DA:5,1
DA:6,1
DA:10,1
DA:14,0
DA:16,0
DA:17,0
DA:21,1
DA:22,0
DA:24,0
DA:27,0
DA:30,0
DA:33,0
DA:35,0
DA:41,0
DA:47,1
DA:49,1
DA:50,1
DA:52,1
DA:56,1
DA:57,1
DA:58,1
DA:59,0
DA:60,1
LF:26
LH:15
BRDA:57,0,0,1
BRDA:57,0,1,0
BRDA:59,1,0,0
BRDA:59,1,1,0
BRF:4
BRH:1
end_of_record
TN:
SF:src\select.js
FN:5,remove
FN:15,select
FN:16,(anonymous_2)
FN:35,(anonymous_3)
FNF:4
FNH:0
FNDA:0,remove
FNDA:0,select
FNDA:0,(anonymous_2)
FNDA:0,(anonymous_3)
DA:3,1
DA:8,0
DA:11,0
DA:12,0
DA:16,0
DA:17,0
DA:20,0
DA:21,0
DA:23,0
DA:24,0
DA:25,0
DA:26,0
DA:27,0
DA:30,0
DA:35,0
DA:36,0
DA:37,0
DA:38,0
DA:43,0
DA:46,0
DA:48,0
DA:49,0
DA:52,0
DA:55,0
LF:24
LH:1
BRDA:8,0,0,0
BRDA:8,0,1,0
BRDA:36,1,0,0
BRDA:36,1,1,0
BRDA:36,2,0,0
BRDA:36,2,1,0
BRF:6
BRH:0
end_of_record
TN:
SF:src\utils.js
FN:1,pick_random
FN:6,sleep
FN:7,(anonymous_2)
FN:12,load_image
FN:13,(anonymous_4)
FN:15,(anonymous_5)
FNF:6
FNH:2
FNDA:0,pick_random
FNDA:0,sleep
FNDA:0,(anonymous_2)
FNDA:2,load_image
FNDA:2,(anonymous_4)
FNDA:0,(anonymous_5)
DA:2,0
DA:3,0
DA:7,0
DA:8,0
DA:13,2
DA:14,2
DA:15,2
DA:16,2
DA:17,2
LF:9
LH:5
BRF:0
BRH:0
end_of_record
TN:
SF:src\components\Card.svelte
FN:17,(anonymous_17)
FNF:1
FNH:0
FNDA:0,(anonymous_17)
DA:2,1
DA:3,1
DA:4,1
DA:6,0
DA:7,0
DA:8,0
DA:10,0
DA:16,0
DA:17,0
DA:20,0
DA:22,0
DA:25,0
DA:26,0
DA:27,0
LF:14
LH:3
BRDA:27,0,0,0
BRDA:27,0,1,0
BRDA:27,1,0,0
BRDA:27,1,1,0
BRDA:25,2,0,0
BRDA:25,2,1,0
BRDA:20,3,0,0
BRDA:20,3,1,0
BRDA:20,4,0,0
BRDA:20,4,1,0
BRDA:20,5,0,0
BRDA:20,5,1,0
BRDA:22,6,0,0
BRDA:22,6,1,0
BRDA:22,7,0,0
BRDA:22,7,1,0
BRF:16
BRH:0
end_of_record
TN:
SF:src\screens\Game.svelte
FN:24,(anonymous_68)
FN:76,(anonymous_72)
FN:90,(anonymous_73)
FN:97,(anonymous_74)
FN:105,(anonymous_75)
FN:84,(anonymous_76)
FN:85,(anonymous_77)
FN:31,(anonymous_82)
FNF:8
FNH:0
FNDA:0,(anonymous_68)
FNDA:0,(anonymous_72)
FNDA:0,(anonymous_73)
FNDA:0,(anonymous_74)
FNDA:0,(anonymous_75)
FNDA:0,(anonymous_76)
FNDA:0,(anonymous_77)
FNDA:0,(anonymous_82)
DA:2,1
DA:3,1
DA:5,1
DA:6,1
DA:8,0
DA:10,0
DA:12,0
DA:18,0
DA:19,0
DA:20,0
DA:21,0
DA:24,0
DA:29,0
DA:31,0
DA:34,0
DA:35,0
DA:38,0
DA:39,0
DA:40,0
DA:41,0
DA:42,0
DA:46,0
DA:50,0
DA:52,0
DA:53,0
DA:55,0
DA:58,0
DA:60,0
DA:64,0
DA:72,0
DA:74,0
DA:75,0
DA:76,0
DA:78,0
DA:79,0
DA:82,0
DA:83,0
DA:84,0
DA:85,0
DA:89,0
DA:90,0
DA:91,0
DA:92,0
DA:97,0
DA:104,0
DA:105,0
DA:106,0
DA:107,0
DA:117,0
DA:119,0
DA:120,0
DA:122,0
DA:123,0
DA:127,0
DA:128,0
DA:130,0
DA:132,0
DA:133,0
DA:134,0
LF:59
LH:4
BRDA:79,0,0,0
BRDA:79,0,1,0
BRDA:79,0,2,0
BRDA:74,1,0,0
BRDA:74,1,1,0
BRDA:74,2,0,0
BRDA:74,2,1,0
BRDA:74,3,0,0
BRDA:74,3,1,0
BRDA:75,4,0,0
BRDA:75,4,1,0
BRDA:75,5,0,0
BRDA:75,5,1,0
BRDA:89,6,0,0
BRDA:89,6,1,0
BRDA:91,7,0,0
BRDA:91,7,1,0
BRDA:92,8,0,0
BRDA:92,8,1,0
BRDA:104,9,0,0
BRDA:104,9,1,0
BRDA:106,10,0,0
BRDA:106,10,1,0
BRDA:107,11,0,0
BRDA:107,11,1,0
BRDA:82,12,0,0
BRDA:82,12,1,0
BRDA:123,13,0,0
BRDA:123,13,1,0
BRDA:122,14,0,0
BRDA:122,14,1,0
BRDA:122,14,2,0
BRDA:123,15,0,0
BRDA:123,15,1,0
BRDA:123,15,2,0
BRDA:119,16,0,0
BRDA:119,16,1,0
BRDA:134,17,0,0
BRDA:134,17,1,0
BRDA:133,18,0,0
BRDA:133,18,1,0
BRDA:134,19,0,0
BRDA:134,19,1,0
BRDA:130,20,0,0
BRDA:130,20,1,0
BRDA:72,21,0,0
BRDA:72,21,1,0
BRDA:78,22,0,0
BRDA:78,22,1,0
BRDA:117,23,0,0
BRDA:117,23,1,0
BRDA:38,24,0,0
BRDA:38,24,1,0
BRDA:39,25,0,0
BRDA:39,25,1,0
BRDA:40,26,0,0
BRDA:40,26,1,0
BRDA:41,27,0,0
BRDA:41,27,1,0
BRDA:47,28,0,0
BRDA:47,28,1,0
BRF:61
BRH:0
end_of_record
TN:
SF:src\screens\Welcome.svelte
FN:40,(anonymous_17)
FNF:1
FNH:0
FNDA:0,(anonymous_17)
DA:2,1
DA:4,1
DA:6,1
DA:9,0
DA:10,0
DA:39,1
DA:40,7
LF:7
LH:5
BRF:0
BRH:0
end_of_record
